<?xml version="1.0" encoding="UTF-8"?>
<testsuite name="CrudPersonTest" tests="4" skipped="0" failures="0" errors="0" timestamp="2020-04-10T11:41:38" hostname="CAB-WSM-0005117" time="0.017">
  <properties/>
  <testcase name="readRecordsByLastNameShouldBeReadRecords" classname="CrudPersonTest" time="0.011"/>
  <testcase name="deleteRecordShouldBeDeleteRecord" classname="CrudPersonTest" time="0.002"/>
  <testcase name="createShouldBeCreateNewRecordInTable" classname="CrudPersonTest" time="0.001"/>
  <testcase name="updateRecordShouldBeUpdateRecord" classname="CrudPersonTest" time="0.003"/>
  <system-out><![CDATA[here
id: 2
name: Ivan
lastName: Akinin
id: 3
name: Petr
lastName: Akinin
id: 5
name: Alexandr
lastName: Akinin
]]></system-out>
  <system-err><![CDATA[]]></system-err>
</testsuite>
